2 1563
4 1447
6 1156
8 39
9 157
10 704
11 1321
12 365
13 552
14 849
16 1074
18 1300
19 293
20 1135
21 1110
22 1853
25 996
26 775
29 263
30 174
32 1140
34 146
36 1747
37 1362
38 1193
40 662
41 385
42 1294
43 872
44 573
45 68
46 450
48 34
49 1918
51 1144
53 1850
57 911
58 486
59 670
60 1299
63 51
64 130
65 543
68 13
70 1383
72 712
74 790
75 1622
76 1770
77 1694
78 1930
84 1669
87 756
90 1371
91 236
92 1995
93 1604
94 1808
95 272
96 10
97 1555
98 1002
99 920
100 1943
105 1458
106 173
110 1705
111 376
115 455
119 3
123 1235
124 1876
126 1635
127 1079
128 1579
129 510
130 165
131 1806
132 1749
133 754
134 1740
136 1641
140 1416
141 1552
142 456
144 1095
145 172
151 485
152 848
153 1169
154 213
158 393
161 870
162 735
163 800
165 1015
169 1078
171 464
173 1636
174 1784
175 1134
176 223
180 1629
181 1415
182 1723
183 915
184 234
185 1605
186 763
189 95
191 134
192 1993
193 1493
196 360
197 1119
198 475
199 796
202 1498
203 189
205 1194
207 1244
210 780
212 2
214 1008
216 1097
221 1157
223 1487
225 205
226 84
227 861
228 959
230 1975
233 1832
235 147
237 1507
239 114
240 1064
241 1817
244 124
246 439
248 140
251 1625
252 1581
254 629
255 1683
258 1841
265 288
266 1592
267 1823
269 622
271 903
273 904
274 746
275 451
277 1088
278 1355
283 856
288 745
290 719
291 625
292 14
293 106
294 651
297 1178
307 1645
308 1847
309 212
310 691
311 716
316 443
317 612
318 927
319 1476
320 811
321 572
322 98
323 462
325 200
326 229
327 45
328 1920
329 1690
330 1003
333 526
334 253
336 70
338 1980
339 769
342 299
343 1250
344 1805
346 676
347 346
348 1589
349 92
351 792
352 82
354 987
355 1312
357 1575
359 1466
360 570
362 869
364 659
369 544
374 991
375 1048
376 1451
378 1983
379 1981
380 1397
382 195
383 323
384 144
385 1648
386 408
387 624
388 399
389 483
392 1260
393 518
395 1633
396 1470
397 1480
398 1360
399 545
400 1414
401 33
404 1374
405 724
406 569
407 542
408 297
409 1202
410 611
411 1448
415 546
418 1649
419 247
420 1785
421 1160
422 598
424 813
426 741
428 1442
430 1339
431 937
432 164
433 1061
434 1914
435 1038
437 1457
440 304
441 627
443 616
445 402
449 497
453 1927
454 1475
455 1495
456 446
458 1133
459 123
461 1121
462 1698
464 733
465 89
467 527
469 519
470 171
472 1258
475 531
476 1049
477 860
478 819
482 858
484 1940
485 1828
486 380
488 1929
489 1578
490 924
491 923
493 838
494 1199
495 540
497 1500
498 260
501 396
503 1654
505 214
507 799
509 576
511 791
512 1062
515 22
516 364
518 395
524 1182
525 1699
528 109
529 1857
530 1713
532 1703
533 1837
535 1029
536 292
538 1289
540 873
542 220
543 867
548 521
551 1281
554 922
556 1213
558 1336
560 1824
562 1388
563 528
564 1151
565 1610
567 839
568 319
569 667
570 1237
572 359
573 854
574 1922
575 495
576 382
578 1083
581 1304
582 340
584 1956
585 725
586 1984
587 94
589 363
590 752
591 1279
592 607
593 270
594 1404
595 1087
596 558
599 1696
600 1497
601 1045
603 1280
604 753
605 1376
606 1044
610 1679
612 328
614 1262
615 477
616 1341
620 658
623 228
629 1580
630 1700
631 407
632 1729
633 1869
634 785
635 1878
637 1329
641 1345
642 1766
643 12
644 654
648 1122
650 1175
651 1621
652 855
653 809
654 152
655 158
660 926
664 244
666 1181
667 1129
668 617
670 472
672 302
674 1681
679 606
682 603
683 1781
684 21
685 509
686 170
692 17
695 1762
697 989
701 1946
703 355
706 1473
707 1994
708 1245
710 162
711 608
712 154
714 1034
715 444
716 1013
721 484
724 918
725 555
730 491
732 206
734 239
736 1751
737 20
738 1093
739 460
741 175
742 1797
743 621
744 1051
745 932
746 182
752 183
759 988
760 1941
766 827
770 32
779 9
780 828
781 1895
785 847
786 1501
787 1674
788 1697
789 1276
791 1537
794 1177
795 1210
797 829
798 389
800 335
801 1101
802 787
803 824
804 583
805 770
808 1848
809 751
811 1928
812 1651
814 678
820 766
822 191
823 512
824 1977
827 1452
830 938
832 1307
833 1089
836 1827
837 1330
838 1331
839 1367
841 289
844 1149
855 104
856 1874
857 1606
858 1889
859 843
860 426
863 1843
864 732
865 1477
866 1363
869 1190
871 1730
872 1996
873 1656
877 1521
878 993
879 1514
880 1485
881 1863
883 717
884 925
885 296
890 567
893 1880
897 1913
899 1147
900 1916
902 230
903 818
904 1846
905 1525
911 269
912 1807
914 331
915 1001
916 1825
917 1469
919 259
920 176
922 356
927 24
931 1056
932 1154
934 894
935 453
936 1896
940 1813
942 817
944 148
948 597
950 1271
952 490
954 684
957 291
958 1715
959 1845
960 1924
963 1467
964 1849
972 582
973 1263
974 166
975 1884
976 613
978 609
979 1401
981 1905
982 1963
983 845
984 49
991 1872
995 1603
996 1241
997 224
999 1043
1001 661
1002 1099
1004 321
1005 1767
1007 1986
1008 1671
1010 1998
1012 493
1014 610
1016 125
1017 992
1018 1430
1019 245
1020 138
1022 1171
1023 1750
1024 52
1032 1888
1033 2000
1036 1860
1037 1277
1038 1789
1039 1640
1040 128
1041 1573
1047 986
1050 765
1051 1298
1052 853
1053 1691
1055 657
1057 1522
1061 105
1064 4
1066 1150
1069 652
1072 602
1073 1069
1077 222
1081 909
1082 480
1083 43
1085 1311
1086 1472
1087 6
1088 660
1093 184
1096 1214
1098 1488
1101 211
1104 1247
1106 1953
1107 1885
1110 1068
1113 458
1115 440
1119 1292
1120 1006
1121 516
1122 774
1124 1211
1125 1471
1128 386
1131 345
1138 1197
1139 1716
1140 1290
1146 1322
1150 1192
1151 1198
1153 713
1155 1957
1156 794
1157 1879
1158 1141
1161 1719
1163 1554
1165 390
1166 81
1167 857
1171 834
1172 1932
1173 642
1176 1746
1177 1510
1178 1338
1179 1598
1180 707
1182 548
1183 237
1184 1275
1185 1090
1186 1369
1187 815
1188 217
1189 1753
1190 469
1191 563
1192 1288
1193 1428
1194 1066
1195 740
1197 1073
1198 115
1203 99
1205 1707
1206 262
1207 42
1208 71
1212 1985
1216 1902
1217 235
1218 459
1222 575
1224 532
1225 1710
1226 1511
1228 1440
1229 1146
1232 511
1234 632
1235 1215
1237 1295
1239 1032
1240 557
1246 1020
1249 471
1253 1550
1254 1050
1259 1092
1261 468
1264 57
1265 1546
1266 1036
1268 549
1269 636
1270 40
1271 1894
1273 463
1274 1381
1275 1516
1276 1389
1278 66
1280 325
1285 728
1287 638
1289 233
1290 160
1296 1017
1297 168
1298 180
1299 1423
1300 1964
1301 281
1302 163
1303 1424
1304 878
1305 186
1306 1838
1307 135
1308 1528
1312 1464
1320 188
1321 1741
1329 643
1333 1804
1335 1739
1339 639
1341 1768
1344 193
1346 143
1347 330
1351 1145
1352 421
1353 1107
1359 1787
1361 121
1362 202
1366 1317
1368 252
1371 584
1375 366
1376 1328
1379 618
1380 1411
1384 241
1386 559
1390 107
1391 1039
1392 647
1393 1776
1395 833
1399 907
1401 1844
1402 665
1403 93
1404 1666
1408 1098
1411 1016
1412 1774
1413 1014
1414 1377
1415 85
1417 1518
1418 1935
1419 1320
1420 155
1421 1325
1422 742
1423 1890
1425 1116
1426 547
1427 802
1428 1201
1432 322
1437 457
1439 648
1440 91
1441 275
1442 473
1443 498
1444 1911
1449 1444
1450 832
1451 1063
1454 397
1462 232
1464 1316
1465 536
1466 1315
1473 1256
1474 86
1475 28
1476 181
1479 586
1482 1676
1483 1153
1484 1868
1485 1047
1489 641
1491 1025
1493 1936
1494 1159
1495 686
1500 1517
1501 908
1502 1420
1504 418
1505 424
1506 637
1510 933
1511 422
1514 1185
1515 210
1518 1164
1522 199
1523 1627
1524 862
1526 242
1527 117
1529 630
1530 1429
1532 702
1533 1459
1534 1372
1535 481
1536 374
1538 1663
1539 1657
1541 1897
1542 1647
1546 492
1548 1084
1549 720
1551 280
1552 1646
1556 1018
1560 1594
1561 565
1562 261
1563 744
1564 743
1565 1628
1569 476
1571 1504
1573 591
1575 441
1576 705
1579 731
1585 529
1587 1236
1588 1735
1590 145
1594 910
1598 1899
1599 1076
1600 1722
1601 1176
1603 655
1609 685
1612 550
1613 383
1622 1155
1628 538
1631 375
1632 219
1635 1483
1636 1161
1637 311
1638 122
1639 614
1642 734
1643 267
1644 1407
1645 243
1646 101
1647 906
1649 571
1651 256
1653 646
1655 1588
1661 1249
1662 793
1663 718
1664 409
1667 895
1672 781
1673 1019
1676 246
1677 1205
1678 1644
1679 1352
1680 1380
1681 585
1684 1460
1685 496
1686 1652
1687 577
1688 31
1689 1206
1690 358
1691 1570
1693 1437
1694 600
1695 1314
1696 1830
1698 337
1700 1574
1701 1593
1702 1883
1703 159
1704 859
1706 90
1708 74
1709 290
1710 1435
1711 749
1712 1725
1713 1614
1715 1195
1716 1706
1717 1704
1718 1955
1719 1468
1720 1462
1722 179
1732 914
1733 55
1734 1037
1735 1227
1736 590
1740 96
1742 1026
1743 44
1744 1269
1745 709
1748 255
1749 1565
1750 896
1754 1631
1755 1919
1756 1132
1757 1131
1758 406
1759 1814
1762 1333
1768 1009
1776 1978
1777 1530
1779 1148
1780 1520
1786 1168
1787 1732
1789 1378
1790 141
1791 50
1793 1
1797 771
1799 1967
1802 773
1803 465
1804 1708
1807 1072
1810 1866
1813 161
1814 902
1815 1855
1817 1769
1819 1948
1821 1792
1822 314
1824 448
1826 169
1828 1234
1832 1519
1833 1027
1834 998
1835 27
1840 837
1841 1689
1846 688
1847 578
1849 1599
1850 142
1851 1393
1852 1974
1853 435
1854 596
1855 513
1858 1714
1860 1266
1864 401
1865 313
1866 1390
1868 37
1869 1399
1873 1127
1874 208
1875 1070
1876 694
1877 601
1878 1623
1879 1282
1881 562
1882 729
1883 1065
1884 1793
1885 23
1886 226
1892 701
1893 1538
1894 1346
1895 1130
1903 663
1909 1659
1911 1251
1912 100
1914 264
1915 116
1918 103
1919 1503
